<?xml version="1.0" encoding="UTF-8"?>
<!-- Generated by org.testng.reporters.JUnitReportReporter -->
<testsuite hostname="AJAYK" name="FlipKart.OpenPositions" tests="1" failures="0" timestamp="11 Sep 2014 13:18:21 GMT" time="0.008" errors="0">
  <testcase name="browse_flipkart" time="0.008" classname="FlipKart.OpenPositions"/>
</testsuite> <!-- FlipKart.OpenPositions -->
