<?xml version="1.0" encoding="UTF-8"?>
<!-- Generated by org.testng.reporters.JUnitReportReporter -->
<testsuite hostname="AJAYK" name="FlipKart.TestScript" tests="1" failures="0" timestamp="11 Sep 2014 12:56:37 GMT" time="25.589" errors="0">
  <testcase name="Register" time="25.589" classname="FlipKart.TestScript"/>
</testsuite> <!-- FlipKart.TestScript -->
